FMT, 128, 89, FMT, BBnNZ, Type,Length,Name,Format,Columns
FMT, 115, 76, UNIT, QbZ, TimeUS,Id,Label
FMT, 114, 44, FMTU, QBNN, TimeUS,FmtType,UnitIds,MultIds
FMT, 116, 20, MULT, Qbd, TimeUS,Id,Mult
FMT, 32, 35, PARM, QNff, TimeUS,Name,Value,Default
FMT, 90, 51, GPS, QBBIHBcLLeffffB, TimeUS,I,Status,GMS,GWk,NSats,HDop,Lat,Lng,Alt,Spd,GCrs,VZ,Yaw,U
FMT, 91, 39, GPA, QBCCCCfBIHfHH, TimeUS,I,VDop,HAcc,VAcc,SAcc,YAcc,VV,SMS,Delta,Und,RTCMFU,RTCMFD
FMT, 95, 22, UBX1, QBHBBHI, TimeUS,Instance,noisePerMS,jamInd,aPower,agcCnt,config
FMT, 96, 16, UBX2, QBbBbB, TimeUS,Instance,ofsI,magI,ofsQ,magQ
FMT, 92, 42, GRAW, QIHBBddfBbB, TimeUS,WkMS,Week,numSV,sv,cpMes,prMes,doMes,mesQI,cno,lli
FMT, 93, 24, GRXH, QdHbBB, TimeUS,rcvTime,week,leapS,numMeas,recStat
FMT, 94, 41, GRXS, QddfBBBHBBBBB, TimeUS,prMes,cpMes,doMes,gnss,sv,freq,lock,cno,prD,cpD,doD,trk
FMT, 97, 23, SBPH, QIII, TimeUS,CrcError,LastInject,IARhyp
FMT, 98, 67, SBRH, QQQQQQQQ, TimeUS,msg_flag,1,2,3,4,5,6
FMT, 99, 123, SBRM, QQQQQQQQQQQQQQQ, TimeUS,msg_flag,1,2,3,4,5,6,7,8,9,10,11,12,13
FMT, 100, 23, SBRE, QHIiBB, TimeUS,GWk,GMS,ns_residual,level,quality
FMT, 59, 75, MSG, QZ, TimeUS,Message
FMT, 60, 39, RCIN, QHHHHHHHHHHHHHH, TimeUS,C1,C2,C3,C4,C5,C6,C7,C8,C9,C10,C11,C12,C13,C14
FMT, 61, 18, RCI2, QHHHB, TimeUS,C15,C16,OMask,Flags
FMT, 62, 39, RCOU, QHHHHHHHHHHHHHH, TimeUS,C1,C2,C3,C4,C5,C6,C7,C8,C9,C10,C11,C12,C13,C14
FMT, 202, 19, RCO2, QHHHH, TimeUS,C15,C16,C17,C18
FMT, 203, 39, RCO3, QHHHHHHHHHHHHHH, TimeUS,C19,C20,C21,C22,C23,C24,C25,C26,C27,C28,C29,C30,C31,C32
FMT, 63, 19, RSSI, Qff, TimeUS,RXRSSI,RXLQ
FMT, 64, 39, BARO, QBffcfIffB, TimeUS,I,Alt,Press,Temp,CRt,SMS,Offset,GndTemp,Health
FMT, 65, 24, BARD, QBfff, TimeUS,I,DynPrX,DynPrY,DynPrZ
FMT, 191, 50, PL, QBBfffffffIIB, TimeUS,Heal,TAcq,pX,pY,vX,vY,mX,mY,mZ,LastMeasMS,EKFOutl,Est
FMT, 66, 24, POWR, QffHHB, TimeUS,Vcc,VServo,Flags,AccFlags,Safety
FMT, 67, 27, MCU, Qffff, TimeUS,MTemp,MVolt,MVmin,MVmax
FMT, 76, 46, CMD, QHHHffffLLfB, TimeUS,CTot,CNum,CId,Prm1,Prm2,Prm3,Prm4,Lat,Lng,Alt,Frame
FMT, 77, 48, MAVC, QBBBBBHffffiifBB, TimeUS,TS,TC,SS,SC,Fr,Cmd,P1,P2,P3,P4,X,Y,Z,Res,WL
FMT, 78, 20, RAD, QBBBBBHH, TimeUS,RSSI,RemRSSI,TxBuf,Noise,RemNoise,RxErrors,Fixed
FMT, 80, 46, CAM, QBHIHLLeeeccC, TimeUS,I,Img,GPSTime,GPSWeek,Lat,Lng,Alt,RelAlt,GPSAlt,R,P,Y
FMT, 81, 46, TRIG, QBHIHLLeeeccC, TimeUS,I,Img,GPSTime,GPSWeek,Lat,Lng,Alt,RelAlt,GPSAlt,R,P,Y
FMT, 82, 48, MNT, QBfffffffff, TimeUS,I,DRoll,Roll,DPitch,Pitch,DYawB,YawB,DYawE,YawE,Dist
FMT, 110, 41, ARSP, QBffcffBBffB, TimeUS,I,Airspeed,DiffPress,Temp,RawPress,Offset,U,H,Hp,TR,Pri
FMT, 86, 41, BAT, QBfffffcfBBB, TimeUS,Inst,Volt,VoltR,Curr,CurrTot,EnrgTot,Temp,Res,RemPct,H,SH
FMT, 87, 40, BCL, QBfHHHHHHHHHHHH, TimeUS,Instance,Volt,V1,V2,V3,V4,V5,V6,V7,V8,V9,V10,V11,V12
FMT, 109, 35, MAG, QBhhhhhhhhhBI, TimeUS,I,MagX,MagY,MagZ,OfsX,OfsY,OfsZ,MOX,MOY,MOZ,Health,S
FMT, 118, 14, MODE, QMBB, TimeUS,Mode,ModeNum,Rsn
FMT, 112, 17, RFND, QBCBBb, TimeUS,Instance,Dist,Stat,Orient,Quality
FMT, 113, 36, DMS, QIIIIBBBBBBBBB, TimeUS,N,Dp,RT,RS,Fa,Fmn,Fmx,Pa,Pmn,Pmx,Sa,Smn,Smx
FMT, 174, 41, BCN, QBBfffffff, TimeUS,Health,Cnt,D0,D1,D2,D3,PosX,PosY,PosZ
FMT, 175, 57, PRX, QBBfffffffffff, TimeUS,Layer,He,D0,D45,D90,D135,D180,D225,D270,D315,DUp,CAn,CDis
FMT, 176, 44, PRXR, QBffffffff, TimeUS,Layer,D0,D45,D90,D135,D180,D225,D270,D315
FMT, 179, 53, PM, QHHHIIHHIIIIII, TimeUS,LR,NLon,NL,MaxT,Mem,Load,ErrL,IntE,ErrC,SPIC,I2CC,I2CI,Ex
FMT, 178, 29, SRTL, QBHHBfff, TimeUS,Active,NumPts,MaxPts,Action,N,E,D
FMT, 170, 48, OABR, QBBHHHBfLLiLLi, TimeUS,Type,Act,DYaw,Yaw,DP,RChg,Mar,DLt,DLg,DAlt,OLt,OLg,OAlt
FMT, 171, 31, OADJ, QBBBBLLLL, TimeUS,State,Err,CurrPoint,TotPoints,DLat,DLng,OALat,OALng
FMT, 172, 37, SA, QBffffffB, TimeUS,State,DVelX,DVelY,DVelZ,MVelX,MVelY,MVelZ,Back
FMT, 173, 21, OAVG, QBBLL, TimeUS,version,point_num,Lat,Lon
FMT, 75, 45, SIM, QccCfLLffff, TimeUS,Roll,Pitch,Yaw,Alt,Lat,Lng,Q1,Q2,Q3,Q4
FMT, 83, 38, TERR, QBLLHffHHf, TimeUS,Status,Lat,Lng,Spacing,TerrH,CHeight,Pending,Loaded,ROfs
FMT, 85, 40, ESC, QBffffcfcf, TimeUS,Instance,RPM,RawRPM,Volt,Curr,Temp,CTot,MotTemp,Err
FMT, 84, 46, CSRV, QBfffBfffffB, TimeUS,Id,Pos,Force,Speed,Pow,PosCmd,V,A,MotT,PCBT,Err
FMT, 101, 52, PIDR, QffffffffffB, TimeUS,Tar,Act,Err,P,I,D,FF,DFF,Dmod,SRate,Flags
FMT, 102, 52, PIDP, QffffffffffB, TimeUS,Tar,Act,Err,P,I,D,FF,DFF,Dmod,SRate,Flags
FMT, 103, 52, PIDY, QffffffffffB, TimeUS,Tar,Act,Err,P,I,D,FF,DFF,Dmod,SRate,Flags
FMT, 104, 52, PIDA, QffffffffffB, TimeUS,Tar,Act,Err,P,I,D,FF,DFF,Dmod,SRate,Flags
FMT, 105, 52, PIDS, QffffffffffB, TimeUS,Tar,Act,Err,P,I,D,FF,DFF,Dmod,SRate,Flags
FMT, 106, 52, PIDN, QffffffffffB, TimeUS,Tar,Act,Err,P,I,D,FF,DFF,Dmod,SRate,Flags
FMT, 107, 52, PIDE, QffffffffffB, TimeUS,Tar,Act,Err,P,I,D,FF,DFF,Dmod,SRate,Flags
FMT, 108, 56, DSTL, QBfLLeccfeffff, TimeUS,Stg,THdg,Lat,Lng,Alt,XT,Travel,L1I,Loiter,Des,P,I,D
FMT, 161, 32, ACC, QBQfff, TimeUS,I,SampleUS,AccX,AccY,AccZ
FMT, 162, 32, GYR, QBQfff, TimeUS,I,SampleUS,GyrX,GyrY,GyrZ
FMT, 163, 54, IMU, QBffffffIIfBBHH, TimeUS,I,GyrX,GyrY,GyrZ,AccX,AccY,AccZ,EG,EA,T,GH,AH,GHz,AHz
FMT, 166, 28, VIBE, QBfffI, TimeUS,IMU,VibeX,VibeY,VibeZ,Clip
FMT, 164, 31, ISBH, QHBBHHQf, TimeUS,N,type,instance,mul,smp_cnt,SampleUS,smp_rate
FMT, 165, 207, ISBD, QHHaaa, TimeUS,N,seqno,x,y,z
FMT, 129, 15, RFRH, QI, TimeUS,TF
FMT, 130, 5, RFRF, BB, FTypes,Slow
FMT, 138, 38, RFRN, IIIfIfffBBB, HLat,HLon,HAlt,E2T,AM,TX,TY,TZ,VC,EKT,Flags
FMT, 131, 4, REV2, B, Event
FMT, 132, 15, RSO2, III, Lat,Lon,Alt
FMT, 133, 11, RWA2, ff, Airspeed,uncertainty
FMT, 134, 4, REV3, B, Event
FMT, 135, 15, RSO3, III, Lat,Lon,Alt
FMT, 136, 11, RWA3, ff, Airspeed,Uncertainty
FMT, 137, 16, REY3, ffIB, yawangle,yawangleerr,timestamp_ms,type
FMT, 139, 13, RISH, HBBfBB, LR,PG,PA,LD,AC,GC
FMT, 140, 37, RISI, ffffffffBB, DVX,DVY,DVZ,DAX,DAY,DAZ,DVDT,DADT,Flags,I
FMT, 148, 5, RASH, BB, Primary,NumInst
FMT, 149, 14, RASI, fIBBB, pd,UpdateMS,H,Use,I
FMT, 141, 5, RBRH, BB, Primary,NumInst
FMT, 142, 13, RBRI, IfBB, LastUpdate,Alt,H,I
FMT, 143, 8, RRNH, hhB, GCl,MaxD,NumSensors
FMT, 144, 20, RRNI, fffHBBB, PX,PY,PZ,Dist,Orient,Status,I
FMT, 145, 5, RGPH, BB, NumInst,Primary
FMT, 146, 23, RGPI, ffffBBBB, OX,OY,OZ,Lg,Flags,Stat,NSats,I
FMT, 147, 58, RGPJ, IffffffIiiiffHB, TS,VX,VY,VZ,SA,Y,YA,YT,Lat,Lon,Alt,HA,VA,HD,I
FMT, 153, 14, RMGH, fBBBBBBB, Dec,Avail,NumInst,AutoDec,NumEna,LOE,C,FUsable
FMT, 154, 35, RMGI, IffffffBBBB, LU,OX,OY,OZ,FX,FY,FZ,UFY,H,HSF,I
FMT, 150, 33, RBCH, ffffiiiBB, PX,PY,PZ,AE,OLat,OLng,OAlt,Flags,NumInst
FMT, 151, 0, , , 
